<?xml version="1.0" encoding="UTF-8"?>
<!-- Generated by org.testng.reporters.JUnitReportReporter -->
<testsuite hostname="MININT-5EITGB4" name="ReapplyAgreement" tests="1" failures="0" timestamp="18 Feb 2016 03:18:35 GMT" time="50.317" errors="1">
  <testcase name="runStory" time="50.317" classname="ReapplyAgreement">
    <error type="org.jtester.spec.exceptions.ScenarioAssertError" message="合同用印申请-收费合同
 throw an exception:
java.lang.RuntimeException: java.lang.AssertionError: 
Expected: 
Expected: [{&quot;APPLICATION_NAME&quot;=&quot;contract name&quot;, &quot;STATUS&quot;=&quot;auditing&quot;}]
  Actual: [{&quot;APPLICATION_NAME&quot;=&quot;production name&quot;, &quot;STATUS&quot;=&quot;auditing&quot;}]

--- Found following differences ---
[0,0].&quot;APPLICATION_NAME&quot;: expected: &quot;contract name&quot;, actual: &quot;production name&quot;

--- Difference detail tree ---
 expected: [{&quot;APPLICATION_NAME&quot;=&quot;contract name&quot;, &quot;STATUS&quot;=&quot;auditing&quot;}]
   actual: [{&quot;APPLICATION_NAME&quot;=&quot;production name&quot;, &quot;STATUS&quot;=&quot;auditing&quot;}]

[0,0] expected: {&quot;APPLICATION_NAME&quot;=&quot;contract name&quot;, &quot;STATUS&quot;=&quot;auditing&quot;}
[0,0]   actual: {&quot;APPLICATION_NAME&quot;=&quot;production name&quot;, &quot;STATUS&quot;=&quot;auditing&quot;}

[0,0].&quot;APPLICATION_NAME&quot; expected: &quot;contract name&quot;
[0,0].&quot;APPLICATION_NAME&quot;   actual: &quot;production name&quot;


     but: was &lt;[{COMMITTER=60918, CREATOR=1, COMMIT_DATE=2016-02-18 11:18:24.0, APPLICATION_CATEGORY=630, STATUS=auditing, OTHER_COMPANY=null, IS_DELETED=n, AGENT=60918, GMT_MODIFIED=2016-02-18 11:18:25.0, APPLICATION_NAME=production name, TASK_NAME=null, ID=44781, BU_CODE=null, BILL_ID=100051740, OUR_COMPANY=null, MODIFIER=1, ARCHIVE_COMMENTS=null, GMT_CREATE=2016-02-18 11:18:25.0}]&gt;
java.lang.RuntimeException: java.lang.AssertionError: 
Expected: 
Expected: [{&quot;APPLICATION_NAME&quot;=&quot;contract name&quot;, &quot;STATUS&quot;=&quot;auditing&quot;}]
  Actual: [{&quot;APPLICATION_NAME&quot;=&quot;production name&quot;, &quot;STATUS&quot;=&quot;auditing&quot;}]

--- Found following differences ---
[0,0].&quot;APPLICATION_NAME&quot;: expected: &quot;contract name&quot;, actual: &quot;production name&quot;

--- Difference detail tree ---
 expected: [{&quot;APPLICATION_NAME&quot;=&quot;contract name&quot;, &quot;STATUS&quot;=&quot;auditing&quot;}]
   actual: [{&quot;APPLICATION_NAME&quot;=&quot;production name&quot;, &quot;STATUS&quot;=&quot;auditing&quot;}]

[0,0] expected: {&quot;APPLICATION_NAME&quot;=&quot;contract name&quot;, &quot;STATUS&quot;=&quot;auditing&quot;}
[0,0]   actual: {&quot;APPLICATION_NAME&quot;=&quot;production name&quot;, &quot;STATUS&quot;=&quot;auditing&quot;}

[0,0].&quot;APPLICATION_NAME&quot; expected: &quot;contract name&quot;
[0,0].&quot;APPLICATION_NAME&quot;   actual: &quot;production name&quot;


     but: was &lt;[{COMMITTER=60918, CREATOR=1, COMMIT_DATE=2016-02-18 11:18:24.0, APPLICATION_CATEGORY=630, STATUS=auditing, OTHER_COMPANY=null, IS_DELETED=n, AGENT=60918, GMT_MODIFIED=2016-02-18 11:18:25.0, APPLICATION_NAME=production name, TASK_NAME=null, ID=44781, BU_CODE=null, BILL_ID=100051740, OUR_COMPANY=null, MODIFIER=1, ARCHIVE_COMMENTS=null, GMT_CREATE=2016-02-18 11:18:25.0}]&gt;
	at org.jtester.exception.ExceptionWrapper.wrapWithRuntimeException(ExceptionWrapper.java:99)
	at org.jtester.bytecode.reflector.MethodAccessor.invokeUnThrow(MethodAccessor.java:74)
	at org.jtester.spec.scenario.step.SpecMethod.invoke(SpecMethod.java:70)
	at org.jtester.spec.JSpec.runSingleStep(JSpec.java:66)
	at org.jtester.spec.JSpec.run(JSpec.java:45)
	at ReapplyAgreement.runStory(ReapplyAgreement.java:112)
	at sun.reflect.NativeMethodAccessorImpl.invoke0(Native Method)
	at sun.reflect.NativeMethodAccessorImpl.invoke(NativeMethodAccessorImpl.java:57)
	at sun.reflect.DelegatingMethodAccessorImpl.invoke(DelegatingMethodAccessorImpl.java:43)
	at java.lang.reflect.Method.invoke(Method.java:606)
	at org.testng.internal.MethodInvocationHelper.invokeMethod(MethodInvocationHelper.java:84)
	at org.testng.internal.MethodInvocationHelper$1.runTestMethod(MethodInvocationHelper.java:200)
	at mockit.integration.testng.internal.TestNGRunnerDecorator.executeTestMethod(TestNGRunnerDecorator.java:159)
	at mockit.integration.testng.internal.TestNGRunnerDecorator.run(TestNGRunnerDecorator.java:142)
	at sun.reflect.NativeMethodAccessorImpl.invoke0(Native Method)
	at sun.reflect.NativeMethodAccessorImpl.invoke(NativeMethodAccessorImpl.java:57)
	at sun.reflect.DelegatingMethodAccessorImpl.invoke(DelegatingMethodAccessorImpl.java:43)
	at java.lang.reflect.Method.invoke(Method.java:606)
	at org.jtester.bytecode.reflector.MethodAccessor.invoke(MethodAccessor.java:48)
	at org.jtester.bytecode.reflector.MethodAccessor.invokeUnThrow(MethodAccessor.java:71)
	at org.jtester.core.testng.JMockitHookable.run(JMockitHookable.java:52)
	at org.jtester.core.testng.JTesterHookable.run(JTesterHookable.java:60)
	at sun.reflect.NativeMethodAccessorImpl.invoke0(Native Method)
	at sun.reflect.NativeMethodAccessorImpl.invoke(NativeMethodAccessorImpl.java:57)
	at sun.reflect.DelegatingMethodAccessorImpl.invoke(DelegatingMethodAccessorImpl.java:43)
	at java.lang.reflect.Method.invoke(Method.java:606)
	at org.testng.internal.MethodInvocationHelper.invokeHookable(MethodInvocationHelper.java:212)
	at org.testng.internal.Invoker.invokeMethod(Invoker.java:707)
	at org.testng.internal.Invoker.invokeTestMethod(Invoker.java:901)
	at org.testng.internal.Invoker.invokeTestMethods(Invoker.java:1231)
	at org.testng.internal.TestMethodWorker.invokeTestMethods(TestMethodWorker.java:127)
	at org.testng.internal.TestMethodWorker.run(TestMethodWorker.java:111)
	at org.testng.TestRunner.privateRun(TestRunner.java:767)
	at org.testng.TestRunner.run(TestRunner.java:617)
	at org.testng.SuiteRunner.runTest(SuiteRunner.java:334)
	at org.testng.SuiteRunner.runSequentially(SuiteRunner.java:329)
	at org.testng.SuiteRunner.privateRun(SuiteRunner.java:291)
	at org.testng.SuiteRunner.run(SuiteRunner.java:240)
	at org.testng.SuiteRunnerWorker.runSuite(SuiteRunnerWorker.java:52)
	at org.testng.SuiteRunnerWorker.run(SuiteRunnerWorker.java:86)
	at org.testng.TestNG.runSuitesSequentially(TestNG.java:1224)
	at org.testng.TestNG.runSuitesLocally(TestNG.java:1149)
	at org.testng.TestNG.run(TestNG.java:1057)
	at org.testng.remote.RemoteTestNG.run(RemoteTestNG.java:111)
	at org.testng.remote.RemoteTestNG.initAndRun(RemoteTestNG.java:204)
	at org.testng.remote.RemoteTestNG.main(RemoteTestNG.java:175)
Caused by: java.lang.AssertionError: 
Expected: 
Expected: [{&quot;APPLICATION_NAME&quot;=&quot;contract name&quot;, &quot;STATUS&quot;=&quot;auditing&quot;}]
  Actual: [{&quot;APPLICATION_NAME&quot;=&quot;production name&quot;, &quot;STATUS&quot;=&quot;auditing&quot;}]

--- Found following differences ---
[0,0].&quot;APPLICATION_NAME&quot;: expected: &quot;contract name&quot;, actual: &quot;production name&quot;

--- Difference detail tree ---
 expected: [{&quot;APPLICATION_NAME&quot;=&quot;contract name&quot;, &quot;STATUS&quot;=&quot;auditing&quot;}]
   actual: [{&quot;APPLICATION_NAME&quot;=&quot;production name&quot;, &quot;STATUS&quot;=&quot;auditing&quot;}]

[0,0] expected: {&quot;APPLICATION_NAME&quot;=&quot;contract name&quot;, &quot;STATUS&quot;=&quot;auditing&quot;}
[0,0]   actual: {&quot;APPLICATION_NAME&quot;=&quot;production name&quot;, &quot;STATUS&quot;=&quot;auditing&quot;}

[0,0].&quot;APPLICATION_NAME&quot; expected: &quot;contract name&quot;
[0,0].&quot;APPLICATION_NAME&quot;   actual: &quot;production name&quot;


     but: was &lt;[{COMMITTER=60918, CREATOR=1, COMMIT_DATE=2016-02-18 11:18:24.0, APPLICATION_CATEGORY=630, STATUS=auditing, OTHER_COMPANY=null, IS_DELETED=n, AGENT=60918, GMT_MODIFIED=2016-02-18 11:18:25.0, APPLICATION_NAME=production name, TASK_NAME=null, ID=44781, BU_CODE=null, BILL_ID=100051740, OUR_COMPANY=null, MODIFIER=1, ARCHIVE_COMMENTS=null, GMT_CREATE=2016-02-18 11:18:25.0}]&gt;
	at ext.jtester.hamcrest.MatcherAssert.assertThat(MatcherAssert.java:21)
	at ext.jtester.hamcrest.MatcherAssert.assertThat(MatcherAssert.java:8)
	at org.jtester.hamcrest.iassert.common.impl.Assert.assertThat(Assert.java:64)
	at org.jtester.hamcrest.iassert.common.impl.ListAssert.reflectionEqMap(ListAssert.java:47)
	at org.jtester.hamcrest.iassert.common.impl.ListAssert.propertyEqMap(ListAssert.java:52)
	at org.jtester.hamcrest.iassert.common.impl.ListAssert.reflectionEqMap(ListAssert.java:56)
	at ReapplyAgreement.checkResult(ReapplyAgreement.java:101)
	at sun.reflect.NativeMethodAccessorImpl.invoke0(Native Method)
	at sun.reflect.NativeMethodAccessorImpl.invoke(NativeMethodAccessorImpl.java:57)
	at sun.reflect.DelegatingMethodAccessorImpl.invoke(DelegatingMethodAccessorImpl.java:43)
	at java.lang.reflect.Method.invoke(Method.java:606)
	at org.jtester.bytecode.reflector.MethodAccessor.invoke(MethodAccessor.java:48)
	at org.jtester.bytecode.reflector.MethodAccessor.invokeUnThrow(MethodAccessor.java:71)
	... 44 more

合同用印申请-收费合同 throw errors at:">
      <![CDATA[org.jtester.spec.exceptions.ScenarioAssertError: 合同用印申请-收费合同
 throw an exception:
java.lang.RuntimeException: java.lang.AssertionError: 
Expected: 
Expected: [{"APPLICATION_NAME"="contract name", "STATUS"="auditing"}]
  Actual: [{"APPLICATION_NAME"="production name", "STATUS"="auditing"}]

--- Found following differences ---
[0,0]."APPLICATION_NAME": expected: "contract name", actual: "production name"

--- Difference detail tree ---
 expected: [{"APPLICATION_NAME"="contract name", "STATUS"="auditing"}]
   actual: [{"APPLICATION_NAME"="production name", "STATUS"="auditing"}]

[0,0] expected: {"APPLICATION_NAME"="contract name", "STATUS"="auditing"}
[0,0]   actual: {"APPLICATION_NAME"="production name", "STATUS"="auditing"}

[0,0]."APPLICATION_NAME" expected: "contract name"
[0,0]."APPLICATION_NAME"   actual: "production name"


     but: was <[{COMMITTER=60918, CREATOR=1, COMMIT_DATE=2016-02-18 11:18:24.0, APPLICATION_CATEGORY=630, STATUS=auditing, OTHER_COMPANY=null, IS_DELETED=n, AGENT=60918, GMT_MODIFIED=2016-02-18 11:18:25.0, APPLICATION_NAME=production name, TASK_NAME=null, ID=44781, BU_CODE=null, BILL_ID=100051740, OUR_COMPANY=null, MODIFIER=1, ARCHIVE_COMMENTS=null, GMT_CREATE=2016-02-18 11:18:25.0}]>
java.lang.RuntimeException: java.lang.AssertionError: 
Expected: 
Expected: [{"APPLICATION_NAME"="contract name", "STATUS"="auditing"}]
  Actual: [{"APPLICATION_NAME"="production name", "STATUS"="auditing"}]

--- Found following differences ---
[0,0]."APPLICATION_NAME": expected: "contract name", actual: "production name"

--- Difference detail tree ---
 expected: [{"APPLICATION_NAME"="contract name", "STATUS"="auditing"}]
   actual: [{"APPLICATION_NAME"="production name", "STATUS"="auditing"}]

[0,0] expected: {"APPLICATION_NAME"="contract name", "STATUS"="auditing"}
[0,0]   actual: {"APPLICATION_NAME"="production name", "STATUS"="auditing"}

[0,0]."APPLICATION_NAME" expected: "contract name"
[0,0]."APPLICATION_NAME"   actual: "production name"


     but: was <[{COMMITTER=60918, CREATOR=1, COMMIT_DATE=2016-02-18 11:18:24.0, APPLICATION_CATEGORY=630, STATUS=auditing, OTHER_COMPANY=null, IS_DELETED=n, AGENT=60918, GMT_MODIFIED=2016-02-18 11:18:25.0, APPLICATION_NAME=production name, TASK_NAME=null, ID=44781, BU_CODE=null, BILL_ID=100051740, OUR_COMPANY=null, MODIFIER=1, ARCHIVE_COMMENTS=null, GMT_CREATE=2016-02-18 11:18:25.0}]>
	at org.jtester.exception.ExceptionWrapper.wrapWithRuntimeException(ExceptionWrapper.java:99)
	at org.jtester.bytecode.reflector.MethodAccessor.invokeUnThrow(MethodAccessor.java:74)
	at org.jtester.spec.scenario.step.SpecMethod.invoke(SpecMethod.java:70)
	at org.jtester.spec.JSpec.runSingleStep(JSpec.java:66)
	at org.jtester.spec.JSpec.run(JSpec.java:45)
	at ReapplyAgreement.runStory(ReapplyAgreement.java:112)
	at sun.reflect.NativeMethodAccessorImpl.invoke0(Native Method)
	at sun.reflect.NativeMethodAccessorImpl.invoke(NativeMethodAccessorImpl.java:57)
	at sun.reflect.DelegatingMethodAccessorImpl.invoke(DelegatingMethodAccessorImpl.java:43)
	at java.lang.reflect.Method.invoke(Method.java:606)
	at org.testng.internal.MethodInvocationHelper.invokeMethod(MethodInvocationHelper.java:84)
	at org.testng.internal.MethodInvocationHelper$1.runTestMethod(MethodInvocationHelper.java:200)
	at mockit.integration.testng.internal.TestNGRunnerDecorator.executeTestMethod(TestNGRunnerDecorator.java:159)
	at mockit.integration.testng.internal.TestNGRunnerDecorator.run(TestNGRunnerDecorator.java:142)
	at sun.reflect.NativeMethodAccessorImpl.invoke0(Native Method)
	at sun.reflect.NativeMethodAccessorImpl.invoke(NativeMethodAccessorImpl.java:57)
	at sun.reflect.DelegatingMethodAccessorImpl.invoke(DelegatingMethodAccessorImpl.java:43)
	at java.lang.reflect.Method.invoke(Method.java:606)
	at org.jtester.bytecode.reflector.MethodAccessor.invoke(MethodAccessor.java:48)
	at org.jtester.bytecode.reflector.MethodAccessor.invokeUnThrow(MethodAccessor.java:71)
	at org.jtester.core.testng.JMockitHookable.run(JMockitHookable.java:52)
	at org.jtester.core.testng.JTesterHookable.run(JTesterHookable.java:60)
	at sun.reflect.NativeMethodAccessorImpl.invoke0(Native Method)
	at sun.reflect.NativeMethodAccessorImpl.invoke(NativeMethodAccessorImpl.java:57)
	at sun.reflect.DelegatingMethodAccessorImpl.invoke(DelegatingMethodAccessorImpl.java:43)
	at java.lang.reflect.Method.invoke(Method.java:606)
	at org.testng.internal.MethodInvocationHelper.invokeHookable(MethodInvocationHelper.java:212)
	at org.testng.internal.Invoker.invokeMethod(Invoker.java:707)
	at org.testng.internal.Invoker.invokeTestMethod(Invoker.java:901)
	at org.testng.internal.Invoker.invokeTestMethods(Invoker.java:1231)
	at org.testng.internal.TestMethodWorker.invokeTestMethods(TestMethodWorker.java:127)
	at org.testng.internal.TestMethodWorker.run(TestMethodWorker.java:111)
	at org.testng.TestRunner.privateRun(TestRunner.java:767)
	at org.testng.TestRunner.run(TestRunner.java:617)
	at org.testng.SuiteRunner.runTest(SuiteRunner.java:334)
	at org.testng.SuiteRunner.runSequentially(SuiteRunner.java:329)
	at org.testng.SuiteRunner.privateRun(SuiteRunner.java:291)
	at org.testng.SuiteRunner.run(SuiteRunner.java:240)
	at org.testng.SuiteRunnerWorker.runSuite(SuiteRunnerWorker.java:52)
	at org.testng.SuiteRunnerWorker.run(SuiteRunnerWorker.java:86)
	at org.testng.TestNG.runSuitesSequentially(TestNG.java:1224)
	at org.testng.TestNG.runSuitesLocally(TestNG.java:1149)
	at org.testng.TestNG.run(TestNG.java:1057)
	at org.testng.remote.RemoteTestNG.run(RemoteTestNG.java:111)
	at org.testng.remote.RemoteTestNG.initAndRun(RemoteTestNG.java:204)
	at org.testng.remote.RemoteTestNG.main(RemoteTestNG.java:175)
Caused by: java.lang.AssertionError: 
Expected: 
Expected: [{"APPLICATION_NAME"="contract name", "STATUS"="auditing"}]
  Actual: [{"APPLICATION_NAME"="production name", "STATUS"="auditing"}]

--- Found following differences ---
[0,0]."APPLICATION_NAME": expected: "contract name", actual: "production name"

--- Difference detail tree ---
 expected: [{"APPLICATION_NAME"="contract name", "STATUS"="auditing"}]
   actual: [{"APPLICATION_NAME"="production name", "STATUS"="auditing"}]

[0,0] expected: {"APPLICATION_NAME"="contract name", "STATUS"="auditing"}
[0,0]   actual: {"APPLICATION_NAME"="production name", "STATUS"="auditing"}

[0,0]."APPLICATION_NAME" expected: "contract name"
[0,0]."APPLICATION_NAME"   actual: "production name"


     but: was <[{COMMITTER=60918, CREATOR=1, COMMIT_DATE=2016-02-18 11:18:24.0, APPLICATION_CATEGORY=630, STATUS=auditing, OTHER_COMPANY=null, IS_DELETED=n, AGENT=60918, GMT_MODIFIED=2016-02-18 11:18:25.0, APPLICATION_NAME=production name, TASK_NAME=null, ID=44781, BU_CODE=null, BILL_ID=100051740, OUR_COMPANY=null, MODIFIER=1, ARCHIVE_COMMENTS=null, GMT_CREATE=2016-02-18 11:18:25.0}]>
	at ext.jtester.hamcrest.MatcherAssert.assertThat(MatcherAssert.java:21)
	at ext.jtester.hamcrest.MatcherAssert.assertThat(MatcherAssert.java:8)
	at org.jtester.hamcrest.iassert.common.impl.Assert.assertThat(Assert.java:64)
	at org.jtester.hamcrest.iassert.common.impl.ListAssert.reflectionEqMap(ListAssert.java:47)
	at org.jtester.hamcrest.iassert.common.impl.ListAssert.propertyEqMap(ListAssert.java:52)
	at org.jtester.hamcrest.iassert.common.impl.ListAssert.reflectionEqMap(ListAssert.java:56)
	at ReapplyAgreement.checkResult(ReapplyAgreement.java:101)
	at sun.reflect.NativeMethodAccessorImpl.invoke0(Native Method)
	at sun.reflect.NativeMethodAccessorImpl.invoke(NativeMethodAccessorImpl.java:57)
	at sun.reflect.DelegatingMethodAccessorImpl.invoke(DelegatingMethodAccessorImpl.java:43)
	at java.lang.reflect.Method.invoke(Method.java:606)
	at org.jtester.bytecode.reflector.MethodAccessor.invoke(MethodAccessor.java:48)
	at org.jtester.bytecode.reflector.MethodAccessor.invokeUnThrow(MethodAccessor.java:71)
	... 44 more

合同用印申请-收费合同 throw errors at:
	at org.jtester.spec.JSpec.run(JSpec.java:55)
	at ReapplyAgreement.runStory(ReapplyAgreement.java:112)
	at sun.reflect.NativeMethodAccessorImpl.invoke0(Native Method)
	at java.lang.reflect.Method.invoke(Method.java:606)
	at sun.reflect.NativeMethodAccessorImpl.invoke0(Native Method)
	at java.lang.reflect.Method.invoke(Method.java:606)
	at org.jtester.bytecode.reflector.MethodAccessor.invoke(MethodAccessor.java:48)
	at org.jtester.bytecode.reflector.MethodAccessor.invokeUnThrow(MethodAccessor.java:71)
	at org.jtester.core.testng.JMockitHookable.run(JMockitHookable.java:52)
	at org.jtester.core.testng.JTesterHookable.run(JTesterHookable.java:60)
	at sun.reflect.NativeMethodAccessorImpl.invoke0(Native Method)
	at java.lang.reflect.Method.invoke(Method.java:606)
]]>
    </error>
  </testcase> <!-- runStory -->
</testsuite> <!-- ReapplyAgreement -->
